<?xml version="1.0" encoding="UTF-8"?>
<testsuite xmlns:xsi="http://www.w3.org/2001/XMLSchema-instance" xsi:noNamespaceSchemaLocation="https://maven.apache.org/surefire/maven-surefire-plugin/xsd/surefire-test-report-3.0.xsd" version="3.0" name="com.example.DiemDauVaoLop6BienvsDTTest" time="0.091" tests="45" errors="0" skipped="0" failures="0">
  <properties>
[...]
</properties>
  <testcase name="testDiemDauVaoLop62" classname="com.example.DiemDauVaoLop6BienvsDTTest" time="0.047"/>
  <testcase name="testDiemDauVaoLop63" classname="com.example.DiemDauVaoLop6BienvsDTTest" time="0.001"/>
  <testcase name="testDiemDauVaoLop64" classname="com.example.DiemDauVaoLop6BienvsDTTest" time="0"/>
  <testcase name="testDiemDauVaoLop65" classname="com.example.DiemDauVaoLop6BienvsDTTest" time="0.001"/>
  <testcase name="testDiemDauVaoLop66" classname="com.example.DiemDauVaoLop6BienvsDTTest" time="0"/>
  <testcase name="testDiemDauVaoLop67" classname="com.example.DiemDauVaoLop6BienvsDTTest" time="0"/>
  <testcase name="testDiemDauVaoLop68" classname="com.example.DiemDauVaoLop6BienvsDTTest" time="0"/>
  <testcase name="testDiemDauVaoLop69" classname="com.example.DiemDauVaoLop6BienvsDTTest" time="0.001"/>
  <testcase name="testDiemDauVaoLop610" classname="com.example.DiemDauVaoLop6BienvsDTTest" time="0"/>
  <testcase name="testDiemDauVaoLop611" classname="com.example.DiemDauVaoLop6BienvsDTTest" time="0"/>
  <testcase name="testDiemDauVaoLop612" classname="com.example.DiemDauVaoLop6BienvsDTTest" time="0"/>
  <testcase name="testDiemDauVaoLop613" classname="com.example.DiemDauVaoLop6BienvsDTTest" time="0"/>
  <testcase name="testDiemDauVaoLop614" classname="com.example.DiemDauVaoLop6BienvsDTTest" time="0"/>
  <testcase name="testDiemDauVaoLop615" classname="com.example.DiemDauVaoLop6BienvsDTTest" time="0"/>
  <testcase name="testDiemDauVaoLop616" classname="com.example.DiemDauVaoLop6BienvsDTTest" time="0"/>
  <testcase name="testDiemDauVaoLop617" classname="com.example.DiemDauVaoLop6BienvsDTTest" time="0"/>
  <testcase name="testDiemDauVaoLop618" classname="com.example.DiemDauVaoLop6BienvsDTTest" time="0"/>
  <testcase name="testDiemDauVaoLop619" classname="com.example.DiemDauVaoLop6BienvsDTTest" time="0"/>
  <testcase name="testDiemDauVaoLop620" classname="com.example.DiemDauVaoLop6BienvsDTTest" time="0"/>
  <testcase name="testDiemDauVaoLop621" classname="com.example.DiemDauVaoLop6BienvsDTTest" time="0"/>
  <testcase name="testDiemDauVaoLop622" classname="com.example.DiemDauVaoLop6BienvsDTTest" time="0.002"/>
  <testcase name="testDiemDauVaoLop623" classname="com.example.DiemDauVaoLop6BienvsDTTest" time="0"/>
  <testcase name="testDiemDauVaoLop624" classname="com.example.DiemDauVaoLop6BienvsDTTest" time="0"/>
  <testcase name="testDiemDauVaoLop625" classname="com.example.DiemDauVaoLop6BienvsDTTest" time="0"/>
  <testcase name="testDiemDauVaoLop626" classname="com.example.DiemDauVaoLop6BienvsDTTest" time="0"/>
  <testcase name="testDiemDauVaoLop627" classname="com.example.DiemDauVaoLop6BienvsDTTest" time="0.001"/>
  <testcase name="testDiemDauVaoLop628" classname="com.example.DiemDauVaoLop6BienvsDTTest" time="0"/>
  <testcase name="testDiemDauVaoLop629" classname="com.example.DiemDauVaoLop6BienvsDTTest" time="0"/>
  <testcase name="testDiemDauVaoLop630" classname="com.example.DiemDauVaoLop6BienvsDTTest" time="0.001"/>
  <testcase name="testDiemDauVaoLop631" classname="com.example.DiemDauVaoLop6BienvsDTTest" time="0"/>
  <testcase name="testDiemDauVaoLop632" classname="com.example.DiemDauVaoLop6BienvsDTTest" time="0"/>
  <testcase name="testDiemDauVaoLop633" classname="com.example.DiemDauVaoLop6BienvsDTTest" time="0"/>
  <testcase name="testDiemDauVaoLop634" classname="com.example.DiemDauVaoLop6BienvsDTTest" time="0"/>
  <testcase name="testDiemDauVaoLop635" classname="com.example.DiemDauVaoLop6BienvsDTTest" time="0"/>
  <testcase name="testDiemDauVaoLop636" classname="com.example.DiemDauVaoLop6BienvsDTTest" time="0"/>
  <testcase name="testDiemDauVaoLop637" classname="com.example.DiemDauVaoLop6BienvsDTTest" time="0.001"/>
  <testcase name="testDiemDauVaoLop638" classname="com.example.DiemDauVaoLop6BienvsDTTest" time="0"/>
  <testcase name="testDiemDauVaoLop639" classname="com.example.DiemDauVaoLop6BienvsDTTest" time="0"/>
  <testcase name="testDiemDauVaoLop640" classname="com.example.DiemDauVaoLop6BienvsDTTest" time="0"/>
  <testcase name="testDiemDauVaoLop641" classname="com.example.DiemDauVaoLop6BienvsDTTest" time="0"/>
  <testcase name="testDiemDauVaoLop642" classname="com.example.DiemDauVaoLop6BienvsDTTest" time="0"/>
  <testcase name="testDiemDauVaoLop643" classname="com.example.DiemDauVaoLop6BienvsDTTest" time="0"/>
  <testcase name="testDiemDauVaoLop644" classname="com.example.DiemDauVaoLop6BienvsDTTest" time="0"/>
  <testcase name="testDiemDauVaoLop645" classname="com.example.DiemDauVaoLop6BienvsDTTest" time="0.001"/>
  <testcase name="testDiemDauVaoLop6" classname="com.example.DiemDauVaoLop6BienvsDTTest" time="0"/>
</testsuite>